<?xml version="1.0" encoding="UTF-8"?>
<!-- Generated by org.testng.reporters.JUnitReportReporter -->
<testsuite skipped="0" hostname="IMG-SSF-V73JFVI" name="com.weigthwatchers.QuestionTwo" tests="1" failures="0" timestamp="07 Nov 2018 15:17:12 GMT" time="5.237" errors="0">
  <testcase name="Question2Test" time="5.237" classname="com.weigthwatchers.QuestionTwo"/>
</testsuite> <!-- com.weigthwatchers.QuestionTwo -->
